<?xml version="1.0" encoding="UTF-8"?>
<testsuite xmlns:xsi="http://www.w3.org/2001/XMLSchema-instance" xsi:noNamespaceSchemaLocation="https://maven.apache.org/surefire/maven-surefire-plugin/xsd/surefire-test-report.xsd" name="bootcamp.PropertySpec" time="2.168" tests="1" errors="0" skipped="0" failures="1">
  <properties>
[...]
</properties>
  <testcase name="another" classname="bootcamp.PropertySpec" time="0.625">
    <failure message="Condition not satisfied:&#10;&#10;property == propertyService.getPropertyByName(&quot;The Ritz&quot;)&#10;|        |  |               |&#10;|        |  |               bootcamp.model.PropertyModel@736d6a5c&#10;|        |  bootcamp.services.PropertyService@1755e85b&#10;|        false&#10;bootcamp.model.PropertyModel@17cdf2d0&#10;" type="org.spockframework.runtime.SpockComparisonFailure">org.spockframework.runtime.SpockComparisonFailure: 
Condition not satisfied:

property == propertyService.getPropertyByName("The Ritz")
|        |  |               |
|        |  |               bootcamp.model.PropertyModel@736d6a5c
|        |  bootcamp.services.PropertyService@1755e85b
|        false
bootcamp.model.PropertyModel@17cdf2d0

	at bootcamp.PropertySpec.another(PropertySpec.groovy:35)
</failure>
    <system-out><![CDATA[15:51:20.328 [main] DEBUG com.athaydes.spockframework.report.SpockReportExtension - Configuring com.athaydes.spockframework.report.SpockReportExtension
15:51:20.438 [main] INFO com.athaydes.spockframework.report.internal.ConfigLoader - SpockReports config loaded: {com.athaydes.spockframework.report.showCodeBlocks=false, com.athaydes.spockframework.report.template.TemplateReportCreator.reportFileExtension=md, com.athaydes.spockframework.report.testSourceRoots=src/test/groovy, com.athaydes.spockframework.report.IReportCreator=com.athaydes.spockframework.report.internal.HtmlReportCreator, com.athaydes.spockframework.report.outputDir=build/spock-reports, com.athaydes.spockframework.report.internal.HtmlReportCreator.inlineCss=true, com.athaydes.spockframework.report.internal.HtmlReportCreator.featureReportCss=spock-feature-report.css, com.athaydes.spockframework.report.hideEmptyBlocks=false, com.athaydes.spockframework.report.internal.HtmlReportCreator.summaryReportCss=spock-summary-report.css, com.athaydes.spockframework.report.projectVersion=Unknown, com.athaydes.spockframework.report.template.TemplateReportCreator.specTemplateFile=/templateReportCreator/spec-template.md, com.athaydes.spockframework.report.template.TemplateReportCreator.summaryTemplateFile=/templateReportCreator/summary-template.md, com.athaydes.spockframework.report.internal.HtmlReportCreator.excludeToc=false, com.athaydes.spockframework.report.template.TemplateReportCreator.enabled=true, com.athaydes.spockframework.report.projectName=, com.athaydes.spockframework.report.template.TemplateReportCreator.summaryFileName=summary.md, com.athaydes.spockframework.report.internal.HtmlReportCreator.printThrowableStackTrace=false, com.athaydes.spockframework.report.internal.HtmlReportCreator.enabled=true}
15:51:20.563 [main] DEBUG com.athaydes.spockframework.report.internal.ConfigLoader - Property showCodeBlocks set to false
15:51:20.581 [main] DEBUG com.athaydes.spockframework.report.internal.ConfigLoader - Ignoring property 'reportFileExtension' for IReportCreator of incompatible type com.athaydes.spockframework.report.internal.HtmlReportCreator
15:51:20.581 [main] DEBUG com.athaydes.spockframework.report.internal.ConfigLoader - Property testSourceRoots set to src/test/groovy
15:51:20.581 [main] DEBUG com.athaydes.spockframework.report.internal.ConfigLoader - Property outputDir set to build/spock-reports
15:51:20.581 [main] DEBUG com.athaydes.spockframework.report.internal.ConfigLoader - Property inlineCss set to true
15:51:20.581 [main] DEBUG com.athaydes.spockframework.report.internal.ConfigLoader - Property featureReportCss set to spock-feature-report.css
15:51:20.581 [main] DEBUG com.athaydes.spockframework.report.internal.ConfigLoader - Property hideEmptyBlocks set to false
15:51:20.581 [main] DEBUG com.athaydes.spockframework.report.internal.ConfigLoader - Property summaryReportCss set to spock-summary-report.css
15:51:20.581 [main] DEBUG com.athaydes.spockframework.report.internal.ConfigLoader - Property projectVersion set to Unknown
15:51:20.597 [main] DEBUG com.athaydes.spockframework.report.internal.ConfigLoader - Ignoring property 'specTemplateFile' for IReportCreator of incompatible type com.athaydes.spockframework.report.internal.HtmlReportCreator
15:51:20.597 [main] DEBUG com.athaydes.spockframework.report.internal.ConfigLoader - Ignoring property 'summaryTemplateFile' for IReportCreator of incompatible type com.athaydes.spockframework.report.internal.HtmlReportCreator
15:51:20.597 [main] DEBUG com.athaydes.spockframework.report.internal.ConfigLoader - Property excludeToc set to false
15:51:20.597 [main] DEBUG com.athaydes.spockframework.report.internal.ConfigLoader - Ignoring property 'enabled' for IReportCreator of incompatible type com.athaydes.spockframework.report.internal.HtmlReportCreator
15:51:20.597 [main] DEBUG com.athaydes.spockframework.report.internal.ConfigLoader - Property projectName set to 
15:51:20.597 [main] DEBUG com.athaydes.spockframework.report.internal.ConfigLoader - Ignoring property 'summaryFileName' for IReportCreator of incompatible type com.athaydes.spockframework.report.internal.HtmlReportCreator
15:51:20.597 [main] DEBUG com.athaydes.spockframework.report.internal.ConfigLoader - Property printThrowableStackTrace set to false
15:51:20.597 [main] DEBUG com.athaydes.spockframework.report.internal.ConfigLoader - Property enabled set to true
15:51:20.659 [main] DEBUG com.athaydes.spockframework.report.SpecInfoListener - Before spec: bootcamp.PropertySpec
15:51:20.659 [main] DEBUG com.athaydes.spockframework.report.SpecInfoListener - Before feature: another
15:51:20.691 [main] DEBUG com.athaydes.spockframework.report.SpecInfoListener - Before iteration: another
15:51:21.285 [main] DEBUG com.athaydes.spockframework.report.SpecInfoListener - Error on spec: bootcamp.PropertySpec
]]></system-out>
  </testcase>
</testsuite>